1111[
    [
        unserialize('O:28:"common\\components\\LogMessage":4:{s:3:"uid";s:1:"1";s:4:"type";s:17:"event_user_logout";s:5:"title";s:22:"[admin]退出了系统";s:7:"message";s:12:"用户登出";}'),
        4,
        'common',
        1534169389.92227,
        [],
        5664112,
    ],
]1[
    [
        unserialize('O:28:"common\\components\\LogMessage":4:{s:3:"uid";s:1:"1";s:4:"type";s:16:"event_user_login";s:5:"title";s:25:"[admin]登陆系统成功";s:7:"message";s:12:"用户登陆";}'),
        4,
        'common',
        1534169401.877931,
        [],
        5917408,
    ],
][
    [
        unserialize('O:28:"common\\components\\LogMessage":4:{s:3:"uid";s:1:"1";s:4:"type";s:17:"event_user_logout";s:5:"title";s:22:"[admin]退出了系统";s:7:"message";s:12:"用户登出";}'),
        4,
        'common',
        1534169479.733978,
        [],
        5664112,
    ],
][
    [
        unserialize('O:28:"common\\components\\LogMessage":4:{s:3:"uid";s:1:"1";s:4:"type";s:16:"event_user_login";s:5:"title";s:25:"[admin]登陆系统成功";s:7:"message";s:12:"用户登陆";}'),
        4,
        'common',
        1534169485.439874,
        [],
        5917408,
    ],
][
    [
        unserialize('O:28:"common\\components\\LogMessage":4:{s:3:"uid";s:1:"1";s:4:"type";s:17:"event_user_logout";s:5:"title";s:22:"[admin]退出了系统";s:7:"message";s:12:"用户登出";}'),
        4,
        'common',
        1534169492.741858,
        [],
        5664112,
    ],
][
    [
        unserialize('O:28:"common\\components\\LogMessage":4:{s:3:"uid";s:1:"1";s:4:"type";s:16:"event_user_login";s:5:"title";s:25:"[admin]登陆系统成功";s:7:"message";s:12:"用户登陆";}'),
        4,
        'common',
        1534169497.762953,
        [],
        5917408,
    ],
][
    [
        unserialize('O:28:"common\\components\\LogMessage":4:{s:3:"uid";s:1:"1";s:4:"type";s:19:"event_action_before";s:5:"title";s:32:"[admin]执行[site:logout]操作";s:7:"message";a:5:{s:10:"controller";s:4:"site";s:6:"action";s:6:"logout";s:5:"title";s:32:"[admin]执行[site:logout]操作";s:3:"GET";a:0:{}s:4:"POST";a:1:{s:13:"_csrf-backend";s:88:"fnoxwJ-SH0fKb_1M2oBIfBO7DcAThjV_ciNpl6dy_hQKD2aH0fwuCpMOmBTt1CAGYNJ3ryfPUk4BZQLS3ROsOQ==";}}}'),
        4,
        'common',
        1534169527.618391,
        [],
        5660480,
    ],
    [
        unserialize('O:28:"common\\components\\LogMessage":4:{s:3:"uid";s:1:"1";s:4:"type";s:17:"event_user_logout";s:5:"title";s:22:"[admin]退出了系统";s:7:"message";s:12:"用户登出";}'),
        4,
        'common',
        1534169527.618629,
        [],
        5666376,
    ],
][
    [
        unserialize('O:28:"common\\components\\LogMessage":4:{s:3:"uid";s:1:"1";s:4:"type";s:19:"event_action_before";s:5:"title";s:32:"[admin]执行[site:logout]操作";s:7:"message";a:5:{s:10:"controller";s:4:"site";s:6:"action";s:6:"logout";s:5:"title";s:32:"[admin]执行[site:logout]操作";s:3:"GET";a:0:{}s:4:"POST";a:1:{s:13:"_csrf-backend";s:88:"1lkpnnkO-jpAksk6zlMyFoQDlcKFzVda8Pc6YKRZQaP7LFPTHTbIYDT-ukKjN0Ah21bFmMu6ejC8pwIG8DwX9w==";}}}'),
        4,
        'common',
        1534169608.287368,
        [],
        5660480,
    ],
    [
        unserialize('O:28:"common\\components\\LogMessage":4:{s:3:"uid";s:1:"1";s:4:"type";s:17:"event_user_logout";s:5:"title";s:22:"[admin]退出了系统";s:7:"message";s:12:"用户登出";}'),
        4,
        'common',
        1534169608.287595,
        [],
        5666376,
    ],
][
    [
        unserialize('O:28:"common\\components\\LogMessage":4:{s:3:"uid";s:1:"1";s:4:"type";s:19:"event_action_before";s:5:"title";s:32:"[admin]执行[site:logout]操作";s:7:"message";a:5:{s:10:"controller";s:4:"site";s:6:"action";s:6:"logout";s:5:"title";s:32:"[admin]执行[site:logout]操作";s:3:"GET";a:0:{}s:4:"POST";a:1:{s:13:"_csrf-backend";s:88:"eETtBSvWB4HNYBABnY8FyeyIziS7_9Zz33fixoeSTqIgNoV1eJ5DyIUwRlTPu0av3tCpQ8iGlCyGQYi20qAvzA==";}}}'),
        4,
        'common',
        1534169631.912225,
        [],
        5660480,
    ],
    [
        unserialize('O:28:"common\\components\\LogMessage":4:{s:3:"uid";s:1:"1";s:4:"type";s:17:"event_user_logout";s:5:"title";s:22:"[admin]退出了系统";s:7:"message";s:12:"用户登出";}'),
        4,
        'common',
        1534169631.912479,
        [],
        5666376,
    ],
][
    [
        unserialize('O:28:"common\\components\\LogMessage":4:{s:3:"uid";s:1:"1";s:4:"type";s:19:"event_action_before";s:5:"title";s:32:"[admin]执行[site:logout]操作";s:7:"message";a:5:{s:10:"controller";s:4:"site";s:6:"action";s:6:"logout";s:5:"title";s:32:"[admin]执行[site:logout]操作";s:3:"GET";a:0:{}s:4:"POST";a:1:{s:13:"_csrf-backend";s:88:"q1wzRhbN78prMHUXwoMpYD_hVQxZylq4rzA0ukM_sNaGHWkjTpKu-w0HISGy8m4uRZAZZSGuIo3NeXn-OlvFhQ==";}}}'),
        4,
        'common',
        1534169700.88821,
        [],
        5659256,
    ],
    [
        unserialize('O:28:"common\\components\\LogMessage":4:{s:3:"uid";s:1:"1";s:4:"type";s:17:"event_user_logout";s:5:"title";s:22:"[admin]退出了系统";s:7:"message";s:12:"用户登出";}'),
        4,
        'common',
        1534169700.888457,
        [],
        5665152,
    ],
][
    [
        unserialize('O:28:"common\\components\\LogMessage":4:{s:3:"uid";s:1:"1";s:4:"type";s:19:"event_action_before";s:5:"title";s:35:"[admin]执行[project:列表]操作";s:7:"message";a:5:{s:10:"controller";s:7:"project";s:6:"action";s:5:"index";s:5:"title";s:35:"[admin]执行[project:列表]操作";s:3:"GET";a:0:{}s:4:"POST";a:0:{}}}'),
        4,
        'common',
        1534169711.615749,
        [],
        5964160,
    ],
][
    [
        unserialize('O:28:"common\\components\\LogMessage":4:{s:3:"uid";s:1:"1";s:4:"type";s:19:"event_action_before";s:5:"title";s:37:"[admin]执行[admin-log:列表]操作";s:7:"message";a:5:{s:10:"controller";s:9:"admin-log";s:6:"action";s:5:"index";s:5:"title";s:37:"[admin]执行[admin-log:列表]操作";s:3:"GET";a:0:{}s:4:"POST";a:0:{}}}'),
        4,
        'common',
        1534169718.221501,
        [],
        5955592,
    ],
][
    [
        unserialize('O:28:"common\\components\\LogMessage":4:{s:3:"uid";s:1:"1";s:4:"type";s:19:"event_action_before";s:5:"title";s:32:"[admin]执行[site:logout]操作";s:7:"message";a:5:{s:10:"controller";s:4:"site";s:6:"action";s:6:"logout";s:5:"title";s:32:"[admin]执行[site:logout]操作";s:3:"GET";a:0:{}s:4:"POST";a:1:{s:13:"_csrf-backend";s:88:"vLkGmuSKsJ6Ty6S3q-AaXw1XFNUq0nQJ904Tq2sMngTO_3bz0qf5-fuD6e6S1HcnaSdZ5Hy2IHvaf0HlOW_aTg==";}}}'),
        4,
        'common',
        1534169776.382644,
        [],
        5659256,
    ],
    [
        unserialize('O:28:"common\\components\\LogMessage":4:{s:3:"uid";s:1:"1";s:4:"type";s:17:"event_user_logout";s:5:"title";s:22:"[admin]退出了系统";s:7:"message";s:12:"用户登出";}'),
        4,
        'common',
        1534169776.382865,
        [],
        5665152,
    ],
][
    [
        unserialize('O:28:"common\\components\\LogMessage":4:{s:3:"uid";N;s:4:"type";s:19:"event_action_before";s:5:"title";s:26:"[]执行[site:login]操作";s:7:"message";a:5:{s:10:"controller";s:4:"site";s:6:"action";s:5:"login";s:5:"title";s:26:"[]执行[site:login]操作";s:3:"GET";a:0:{}s:4:"POST";a:0:{}}}'),
        4,
        'common',
        1534169776.499168,
        [],
        4005392,
    ],
][
    [
        unserialize('O:28:"common\\components\\LogMessage":4:{s:3:"uid";N;s:4:"type";s:19:"event_action_before";s:5:"title";s:26:"[]执行[site:login]操作";s:7:"message";a:5:{s:10:"controller";s:4:"site";s:6:"action";s:5:"login";s:5:"title";s:26:"[]执行[site:login]操作";s:3:"GET";a:0:{}s:4:"POST";a:3:{s:13:"_csrf-backend";s:88:"avr85ogB90mDa77wf85ja2swvRncroAYieV38UqgGY8YvIyPviy-Lusj86lG-g4TD0DwKIrK1Gqk1CW_GMNdxQ==";s:9:"LoginForm";a:3:{s:8:"username";s:5:"admin";s:8:"password";s:5:"admin";s:10:"rememberMe";s:1:"1";}s:12:"login-button";s:0:"";}}}'),
        4,
        'common',
        1534169786.548499,
        [],
        4010376,
    ],
    [
        unserialize('O:28:"common\\components\\LogMessage":4:{s:3:"uid";s:1:"1";s:4:"type";s:16:"event_user_login";s:5:"title";s:25:"[admin]登陆系统成功";s:7:"message";s:12:"用户登陆";}'),
        4,
        'common',
        1534169787.165365,
        [],
        5918392,
    ],
][
    [
        unserialize('O:28:"common\\components\\LogMessage":4:{s:3:"uid";s:1:"1";s:4:"type";s:19:"event_action_before";s:5:"title";s:35:"[admin]执行[project:列表]操作";s:7:"message";a:5:{s:10:"controller";s:7:"project";s:6:"action";s:5:"index";s:5:"title";s:35:"[admin]执行[project:列表]操作";s:3:"GET";a:0:{}s:4:"POST";a:0:{}}}'),
        4,
        'common',
        1534169787.260096,
        [],
        5964160,
    ],
][
    [
        unserialize('O:28:"common\\components\\LogMessage":4:{s:3:"uid";N;s:4:"type";s:19:"event_action_before";s:5:"title";s:26:"[]执行[site:login]操作";s:7:"message";a:5:{s:10:"controller";s:4:"site";s:6:"action";s:5:"login";s:5:"title";s:26:"[]执行[site:login]操作";s:3:"GET";a:0:{}s:4:"POST";a:0:{}}}'),
        4,
        'common',
        1534169798.130499,
        [],
        3996840,
    ],
][
    [
        unserialize('O:28:"common\\components\\LogMessage":4:{s:3:"uid";N;s:4:"type";s:19:"event_action_before";s:5:"title";s:26:"[]执行[site:error]操作";s:7:"message";a:5:{s:10:"controller";s:4:"site";s:6:"action";s:5:"error";s:5:"title";s:26:"[]执行[site:error]操作";s:3:"GET";a:0:{}s:4:"POST";a:0:{}}}'),
        4,
        'common',
        1534169800.136936,
        [],
        4170160,
    ],
][
    [
        unserialize('O:28:"common\\components\\LogMessage":4:{s:3:"uid";s:1:"1";s:4:"type";s:19:"event_action_before";s:5:"title";s:32:"[admin]执行[site:logout]操作";s:7:"message";a:5:{s:10:"controller";s:4:"site";s:6:"action";s:6:"logout";s:5:"title";s:32:"[admin]执行[site:logout]操作";s:3:"GET";a:0:{}s:4:"POST";a:1:{s:13:"_csrf-backend";s:88:"5Sa7jPosVnX3yTyOzMN3NoaJl7y2uBlG-kq74dV4HHG1EOm_lkdmJaP9dub9-xBT1ebS8IHTbjHDZ5bWuBFSNQ==";}}}'),
        4,
        'common',
        1534169817.964538,
        [],
        5660432,
    ],
    [
        unserialize('O:28:"common\\components\\LogMessage":4:{s:3:"uid";s:1:"1";s:4:"type";s:17:"event_user_logout";s:5:"title";s:22:"[admin]退出了系统";s:7:"message";s:12:"用户登出";}'),
        4,
        'common',
        1534169817.964764,
        [],
        5666328,
    ],
][
    [
        unserialize('O:28:"common\\components\\LogMessage":4:{s:3:"uid";N;s:4:"type";s:19:"event_action_before";s:5:"title";s:26:"[]执行[site:login]操作";s:7:"message";a:5:{s:10:"controller";s:4:"site";s:6:"action";s:5:"login";s:5:"title";s:26:"[]执行[site:login]操作";s:3:"GET";a:0:{}s:4:"POST";a:3:{s:13:"_csrf-backend";s:88:"cfs_MhUcI8oBpkWEWzF3RElfXiD4SxSmRTy3vvZb69EhzW0BeXcTmlWSD-xqCRAhGjAbbM8gY9F8EZqJmzKllQ==";s:9:"LoginForm";a:3:{s:8:"username";s:5:"admin";s:8:"password";s:5:"admin";s:10:"rememberMe";s:1:"1";}s:12:"login-button";s:0:"";}}}'),
        4,
        'common',
        1534169822.522897,
        [],
        4011600,
    ],
    [
        unserialize('O:28:"common\\components\\LogMessage":4:{s:3:"uid";s:1:"1";s:4:"type";s:16:"event_user_login";s:5:"title";s:25:"[admin]登陆系统成功";s:7:"message";s:12:"用户登陆";}'),
        4,
        'common',
        1534169823.139175,
        [],
        5919616,
    ],
][
    [
        unserialize('O:28:"common\\components\\LogMessage":4:{s:3:"uid";N;s:4:"type";s:19:"event_action_before";s:5:"title";s:26:"[]执行[site:login]操作";s:7:"message";a:5:{s:10:"controller";s:4:"site";s:6:"action";s:5:"login";s:5:"title";s:26:"[]执行[site:login]操作";s:3:"GET";a:0:{}s:4:"POST";a:3:{s:13:"_csrf-backend";s:88:"8hi6C77dQcVMcZPIX7N-dzfXVwucWe8kq7w1C4WR77irLdV47Yty8zszpvhs_yoQUKQved8wiW_d30BJtvKZ9A==";s:9:"LoginForm";a:3:{s:8:"username";s:5:"admin";s:8:"password";s:5:"admin";s:10:"rememberMe";s:1:"1";}s:12:"login-button";s:0:"";}}}'),
        4,
        'common',
        1534169949.111449,
        [],
        4011872,
    ],
    [
        unserialize('O:28:"common\\components\\LogMessage":4:{s:3:"uid";s:1:"1";s:4:"type";s:16:"event_user_login";s:5:"title";s:25:"[admin]登陆系统成功";s:7:"message";s:12:"用户登陆";}'),
        4,
        'common',
        1534169949.727901,
        [],
        5919888,
    ],
]SQLSTATE[23000]: Integrity constraint violation: 1048 Column 'uid' cannot be null
The SQL being executed was: INSERT INTO `cd_admin_log` (`level`, `uid`, `category`, `log_time`, `type`, `title`, `prefix`, `server_ip` ,`client_ip`, `message`)
                VALUES (4, NULL, 'common', 1534169949.1114, 'event_action_before', '[]执行[site:login]操作', '[120.239.72.51][1][-]', '172.18.82.74', '120.239.72.51', '[\n    \'controller\' => \'site\',\n    \'action\' => \'login\',\n    \'title\' => \'[]执行[site:login]操作\',\n    \'GET\' => [],\n    \'POST\' => [\n        \'_csrf-backend\' => \'8hi6C77dQcVMcZPIX7N-dzfXVwucWe8kq7w1C4WR77irLdV47Yty8zszpvhs_yoQUKQved8wiW_d30BJtvKZ9A==\',\n        \'LoginForm\' => [\n            \'username\' => \'admin\',\n            \'password\' => \'admin\',\n            \'rememberMe\' => \'1\',\n        ],\n        \'login-button\' => \'\',\n    ],\n]')